[2025-10-27 19:52:53.893093] AI Suggestion: Replace '==' with '>='
AI Explanation: This fix was suggested based on pattern recognition of similar coding errors and aims to prevent the reported issue.
[2025-10-27 19:56:35.369009] AI Suggestion: Replace '==' with '>='
AI Explanation: This fix was suggested based on pattern recognition of similar coding errors and aims to prevent the reported issue.
[2025-10-27 19:57:36.453002] AI Suggestion: Add try-except block around the failure step
AI Explanation: This fix was suggested based on pattern recognition of similar coding errors and aims to prevent the reported issue.
[2025-10-27 19:57:36.460998] AI Suggestion: Add try-except block around the failure step
AI Explanation: This fix was suggested based on pattern recognition of similar coding errors and aims to prevent the reported issue.
[2025-10-27 19:57:36.462999] AI Suggestion: Add try-except block around the failure step
AI Explanation: This fix was suggested based on pattern recognition of similar coding errors and aims to prevent the reported issue.
[2025-10-27 19:57:36.464999] AI Suggestion: Add try-except block around the failure step
AI Explanation: This fix was suggested based on pattern recognition of similar coding errors and aims to prevent the reported issue.
[2025-10-27 19:57:36.466998] AI Suggestion: Add try-except block around the failure step
AI Explanation: This fix was suggested based on pattern recognition of similar coding errors and aims to prevent the reported issue.
[2025-10-27 19:57:36.469998] AI Suggestion: Add try-except block around the failure step
AI Explanation: This fix was suggested based on pattern recognition of similar coding errors and aims to prevent the reported issue.
[2025-10-27 19:57:36.471999] AI Suggestion: Add try-except block around the failure step
AI Explanation: This fix was suggested based on pattern recognition of similar coding errors and aims to prevent the reported issue.
[2025-10-27 19:57:36.474000] AI Suggestion: Add try-except block around the failure step
AI Explanation: This fix was suggested based on pattern recognition of similar coding errors and aims to prevent the reported issue.
[2025-10-27 20:24:59.006217] File: C:\Users\prakh\Downloads\ci-cd-pipeline\buggy_examples\buggy10_complex_combination.py, Line: 10
Suggestion: The following error occurred:
Traceback (most recent call last):
  File "C:\Users\prakh\Downloads\ci-cd-pipeline\buggy_examples\buggy10_complex_combination.py", line 10, in <module>
    result = process_data(numbers)
             ^^^^^^^^^^^^^^^^^^^^^
  File "C:\Users\prakh\Downloads\ci-cd-pipeline\buggy_examples\buggy10_complex_combination.py", line 5, in process_data
    config = json.load(open("config.json"))
                       ^^^^^^^^^^^^^^^^^^^
FileNotFoundError: [Errno 2] No such file or directory: 'config.json'


Code (or snippet) possibly responsible:
import json

def process_data(data):
    avg = sum(data) / len(data)
    config = json.load(open("config.json"))
    print("Configuration loaded:", config["version"])
    return avg * config["scale"]

numbers = [1, 2, 3, 4, 5]
result = process_data(numbers)
print("Result:", result)


File: C:\Users\prakh\Downloads\ci-cd-pipeline\buggy_examples\buggy10_complex_combination.py
Line: 10

Suggest one code fix (with the corrected line) and explain why it solves the issue.
Reason: AI analyzed the error context and proposed a change to prevent recurrence, based on learned patterns from Python codebases.

[2025-10-27 20:25:04.188023] File: C:\Users\prakh\Downloads\ci-cd-pipeline\buggy_examples\buggy1_syntax_error.py, Line: 1
Suggestion: The following error occurred:
  File "C:\Users\prakh\Downloads\ci-cd-pipeline\buggy_examples\buggy1_syntax_error.py", line 1
    def add_numbers(a, b)
                         ^
SyntaxError: expected ':'


Code (or snippet) possibly responsible:
def add_numbers(a, b)
    return a + b

print(add_numbers(5, 10))


File: C:\Users\prakh\Downloads\ci-cd-pipeline\buggy_examples\buggy1_syntax_error.py
Line: 1

Suggest one code fix (with the corrected line) and explain why it solves the issue.
Reason: AI analyzed the error context and proposed a change to prevent recurrence, based on learned patterns from Python codebases.

[2025-10-27 20:25:06.122861] File: C:\Users\prakh\Downloads\ci-cd-pipeline\buggy_examples\buggy2_zero_division.py, Line: 4
Suggestion: The following error occurred:
Traceback (most recent call last):
  File "C:\Users\prakh\Downloads\ci-cd-pipeline\buggy_examples\buggy2_zero_division.py", line 4, in <module>
    print(calculate_average([]))
          ^^^^^^^^^^^^^^^^^^^^^
  File "C:\Users\prakh\Downloads\ci-cd-pipeline\buggy_examples\buggy2_zero_division.py", line 2, in calculate_average
    return sum(numbers) / len(numbers)
           ~~~~~~~~~~~~~^~~~~~~~~~~~~~
ZeroDivisionError: division by zero


Code (or snippet) possibly responsible:
def calculate_average(numbers):
    return sum(numbers) / len(numbers)

print(calculate_average([]))


File: C:\Users\prakh\Downloads\ci-cd-pipeline\buggy_examples\buggy2_zero_division.py
Line: 4

Suggest one code fix (with the corrected line) and explain why it solves the issue.
Reason: AI analyzed the error context and proposed a change to prevent recurrence, based on learned patterns from Python codebases.

[2025-10-27 20:25:08.351663] File: C:\Users\prakh\Downloads\ci-cd-pipeline\buggy_examples\buggy3_name_error.py, Line: 4
Suggestion: The following error occurred:
Traceback (most recent call last):
  File "C:\Users\prakh\Downloads\ci-cd-pipeline\buggy_examples\buggy3_name_error.py", line 4, in <module>
    show_name()
  File "C:\Users\prakh\Downloads\ci-cd-pipeline\buggy_examples\buggy3_name_error.py", line 2, in show_name
    print("Hello", username)
                   ^^^^^^^^
NameError: name 'username' is not defined


Code (or snippet) possibly responsible:
def show_name():
    print("Hello", username)

show_name()


File: C:\Users\prakh\Downloads\ci-cd-pipeline\buggy_examples\buggy3_name_error.py
Line: 4

Suggest one code fix (with the corrected line) and explain why it solves the issue.
Reason: AI analyzed the error context and proposed a change to prevent recurrence, based on learned patterns from Python codebases.

[2025-10-27 20:25:10.079462] File: C:\Users\prakh\Downloads\ci-cd-pipeline\buggy_examples\buggy4_import_error.py, Line: 4
Suggestion: The following error occurred:
Traceback (most recent call last):
  File "C:\Users\prakh\Downloads\ci-cd-pipeline\buggy_examples\buggy4_import_error.py", line 4, in <module>
    print(generate_random())
          ^^^^^^^^^^^^^^^^^
  File "C:\Users\prakh\Downloads\ci-cd-pipeline\buggy_examples\buggy4_import_error.py", line 2, in generate_random
    return random.randint(1, 100)
           ^^^^^^
NameError: name 'random' is not defined. Did you forget to import 'random'?


Code (or snippet) possibly responsible:
def generate_random():
    return random.randint(1, 100)

print(generate_random())


File: C:\Users\prakh\Downloads\ci-cd-pipeline\buggy_examples\buggy4_import_error.py
Line: 4

Suggest one code fix (with the corrected line) and explain why it solves the issue.
Reason: AI analyzed the error context and proposed a change to prevent recurrence, based on learned patterns from Python codebases.

[2025-10-27 20:25:11.790708] File: C:\Users\prakh\Downloads\ci-cd-pipeline\buggy_examples\buggy5_file_handling.py, Line: 5
Suggestion: The following error occurred:
Traceback (most recent call last):
  File "C:\Users\prakh\Downloads\ci-cd-pipeline\buggy_examples\buggy5_file_handling.py", line 5, in <module>
    print(read_data())
          ^^^^^^^^^^^
  File "C:\Users\prakh\Downloads\ci-cd-pipeline\buggy_examples\buggy5_file_handling.py", line 2, in read_data
    with open("nonexistent_file.txt", "r") as f:
         ^^^^^^^^^^^^^^^^^^^^^^^^^^^^^^^^^
FileNotFoundError: [Errno 2] No such file or directory: 'nonexistent_file.txt'


Code (or snippet) possibly responsible:
def read_data():
    with open("nonexistent_file.txt", "r") as f:
        return f.read()

print(read_data())


File: C:\Users\prakh\Downloads\ci-cd-pipeline\buggy_examples\buggy5_file_handling.py
Line: 5

Suggest one code fix (with the corrected line) and explain why it solves the issue.
Reason: AI analyzed the error context and proposed a change to prevent recurrence, based on learned patterns from Python codebases.

[2025-10-27 20:25:15.085453] File: C:\Users\prakh\Downloads\ci-cd-pipeline\buggy_examples\buggy8_api_call.py, Line: 8
Suggestion: The following error occurred:
Traceback (most recent call last):
  File "C:\Users\prakh\Downloads\ci-cd-pipeline\buggy_examples\buggy8_api_call.py", line 8, in <module>
    print(get_user_data(1))
          ^^^^^^^^^^^^^^^^
  File "C:\Users\prakh\Downloads\ci-cd-pipeline\buggy_examples\buggy8_api_call.py", line 6, in get_user_data
    return response.json()["non_existent_key"]
           ~~~~~~~~~~~~~~~^^^^^^^^^^^^^^^^^^^^
KeyError: 'non_existent_key'


Code (or snippet) possibly responsible:
import requests

def get_user_data(user_id):
    url = f"https://jsonplaceholder.typicode.com/users/{user_id}"
    response = requests.get(url)
    return response.json()["non_existent_key"]

print(get_user_data(1))


File: C:\Users\prakh\Downloads\ci-cd-pipeline\buggy_examples\buggy8_api_call.py
Line: 8

Suggest one code fix (with the corrected line) and explain why it solves the issue.
Reason: AI analyzed the error context and proposed a change to prevent recurrence, based on learned patterns from Python codebases.

[2025-10-27 20:25:16.881647] File: C:\Users\prakh\Downloads\ci-cd-pipeline\buggy_examples\buggy9_class_inheritance.py, Line: 11
Suggestion: The following error occurred:
Traceback (most recent call last):
  File "C:\Users\prakh\Downloads\ci-cd-pipeline\buggy_examples\buggy9_class_inheritance.py", line 11, in <module>
    d.bark()
  File "C:\Users\prakh\Downloads\ci-cd-pipeline\buggy_examples\buggy9_class_inheritance.py", line 8, in bark
    super().speak(self)
TypeError: Animal.speak() takes 1 positional argument but 2 were given


Code (or snippet) possibly responsible:
class Animal:
    def speak(self):
        print("Animal speaks")

class Dog(Animal):
    def bark(self):
        print("Dog barks")
        super().speak(self)

d = Dog()
d.bark()


File: C:\Users\prakh\Downloads\ci-cd-pipeline\buggy_examples\buggy9_class_inheritance.py
Line: 11

Suggest one code fix (with the corrected line) and explain why it solves the issue.
Reason: AI analyzed the error context and proposed a change to prevent recurrence, based on learned patterns from Python codebases.

[2025-10-27 20:42:49.238045] File: C:\Users\prakh\Downloads\ci-cd-pipeline\test_ai_auto_fix.py, Line: 6
Suggestion: The following error occurred:
Traceback (most recent call last):
  File "C:\Users\prakh\Downloads\ci-cd-pipeline\test_ai_auto_fix.py", line 6, in test_buggy_script
    exec(open(script_path, encoding="utf-8").read())
  File "<string>", line 1
    The following error occurred:
        ^^^^^^^^^
SyntaxError: invalid syntax


Code possibly responsible:
The following error occurred:
  File "C:\Users\prakh\Downloads\ci-cd-pipeline\buggy_examples\buggy1_syntax_error.py", line 1
    def add_numbers(a, b)
                         ^
SyntaxError: expected ':'


Code (or snippet) possibly responsible:
def add_numbers(a, b)
    return a + b

print(add_numbers(5, 10))


File: C:\Users\prakh\Downloads\ci-cd-pipeline\buggy_examples\buggy1_syntax_error.py
Line: 1

Suggest one code fix (with the corrected line) and explain why it solves the issue.
print(add_numbers(5, 10))


File: C:\Users\prakh\Downloads\ci-cd-pipeline\test_ai_auto_fix.py
Line: 6

Suggest one code fix (with corrected lines) and explain why it solves the issue.
exec(open(script_path, encoding="utf-8").read())


File: C:\Users\prakh\Downloads\ci-cd-pipeline\buggy_examples\buggy1_syntax_error.py
Line: 1

Suggest one code fix (with corrected line) and explain why it solves the issue.
def add_numbers(a, b)
    return a + b

print(add_numbers(5, 10))


File: C:\Users\prakh\Downloads\ci-cd-pipeline\test_ai_auto_fix.py
Line: 6

Suggest one code fix (with corrected lines) and explain why it solves the issue.
exec(open(script_path, encoding="utf-8").read())


File: C:\Users\prakh\Downloads
Reason: This fix was generated after analyzing traceback context and mapping common Python error-resolution patterns.

[2025-10-27 20:42:49.713045] File: C:\Users\prakh\Downloads\ci-cd-pipeline\test_ai_auto_fix.py, Line: 6
Suggestion: The following error occurred:
Traceback (most recent call last):
  File "C:\Users\prakh\Downloads\ci-cd-pipeline\test_ai_auto_fix.py", line 6, in test_buggy_script
    File "C:\Users\prakh\Downloads\ci-cd-pipeline\test_ai_auto_fix.py", line 6, in test_buggy_script
          ^^^^^^^^^^^^^^^^^^^^^^^^^^^^^^^^^^^^^^^^^^^^^^^^
  File "<string>", line 4, in <module>
  File "<string>", line 2, in calculate_average
ZeroDivisionError: division by zero


Code possibly responsible:
def calculate_average(numbers):
    return sum(numbers) / len(numbers)

print(calculate_average([]))

File: C:\Users\prakh\Downloads\ci-cd-pipeline\test_ai_auto_fix.py
Line: 6

Suggest one code fix (with corrected lines) and explain why it solves the issue.
Reason: This fix was generated after analyzing traceback context and mapping common Python error-resolution patterns.

[2025-10-27 20:42:50.115045] File: C:\Users\prakh\Downloads\ci-cd-pipeline\test_ai_auto_fix.py, Line: 6
Suggestion: The following error occurred:
Traceback (most recent call last):
  File "C:\Users\prakh\Downloads\ci-cd-pipeline\test_ai_auto_fix.py", line 6, in test_buggy_script
    File "C:\Users\prakh\Downloads\ci-cd-pipeline\test_ai_auto_fix.py", line 6, in test_buggy_script
          ^^^^^^^^^^^^^^^^^^^^^^^^^^^^^^^^^^^^^^^^^^^^^^^^
  File "<string>", line 5, in <module>
  File "<string>", line 3, in show_name
NameError: name 'username' is not defined


Code possibly responsible:

def show_name():
    print("Hello", username)

show_name()


File: C:\Users\prakh\Downloads\ci-cd-pipeline\test_ai_auto_fix.py
Line: 6

Suggest one code fix (with corrected lines) and explain why it solves the issue.
Reason: This fix was generated after analyzing traceback context and mapping common Python error-resolution patterns.

[2025-10-27 20:42:50.589050] File: C:\Users\prakh\Downloads\ci-cd-pipeline\test_ai_auto_fix.py, Line: 6
Suggestion: The following error occurred:
Traceback (most recent call last):
  File "C:\Users\prakh\Downloads\ci-cd-pipeline\test_ai_auto_fix.py", line 6, in test_buggy_script
    File "C:\Users\prakh\Downloads\ci-cd-pipeline\test_ai_auto_fix.py", line 6, in test_buggy_script
          ^^^^^^^^^^^^^^^^^^^^^^^^^^^^^^^^^^^^^^^^^^^^^^^^
  File "<string>", line 5, in <module>
  File "<string>", line 3, in generate_random
NameError: name 'random' is not defined. Did you forget to import 'random'


Code possibly responsible:

def generate_random():
    return random.randint(1, 100)

print(generate_random())


File: C:\Users\prakh\Downloads\ci-cd-pipeline\test_ai_auto_fix.py
Line: 6

Suggest one code fix (with corrected lines) and explain why it solves the issue.
Reason: This fix was generated after analyzing traceback context and mapping common Python error-resolution patterns.

[2025-10-27 20:42:51.102045] File: C:\Users\prakh\Downloads\ci-cd-pipeline\test_ai_auto_fix.py, Line: 6
Suggestion: The following error occurred:
Traceback (most recent call last):
  File "C:\Users\prakh\Downloads\ci-cd-pipeline\test_ai_auto_fix.py", line 6, in test_buggy_script
    File "C:\Users\prakh\Downloads\ci-cd-pipeline\test_ai_auto_fix.py", line 6, in test_buggy_script
          ^^^^^^^^^^^^^^^^^^^^^^^^^^^^^^^^^^^^^^^^^^^^^^^^
  File "<string>", line 9, in <module>
  File "<string>", line 6, in get_user_data
NameError: name 'requests' is not defined


Code possibly responsible:

import requests

def get_user_data(user_id):
    url = f"https://jsonplaceholder.typicode.com/users/{user_id}"
    response = requests.get(url)
    return response.json()["non_existent_key"]

print(get_user_data(1))

File: C:\Users\prakh\Downloads\ci-cd-pipeline\test_ai_auto_fix.py
Line: 6

Suggest one code fix (with corrected lines) and explain why it solves the issue.
Reason: This fix was generated after analyzing traceback context and mapping common Python error-resolution patterns.

[2025-10-27 20:42:51.584250] File: C:\Users\prakh\Downloads\ci-cd-pipeline\test_ai_auto_fix.py, Line: 6
Suggestion: The following error occurred:
Traceback (most recent call last):
  File "C:\Users\prakh\Downloads\ci-cd-pipeline\test_ai_auto_fix.py", line 6, in test_buggy_script
    File "C:\Users\prakh\Downloads\ci-cd-pipeline\test_ai_auto_fix.py", line 6, in test_buggy_script
          ^^^^^^^^^^^^^^^^^^^^^^^^^^^^^^^^^^^^^^^^^^^^^^^^
  File "<string>", line 12, in <module>
  File "<string>", line 9, in bark
TypeError: Animal.speak() takes 1 positional argument but 2 were given


Code possibly responsible:

class Animal:
    def speak(self):
        print("Animal speaks")

class Dog(Animal):
    def bark(self):
        print("Dog barks")
        super().speak(self)

d = Dog()
d.bark()

File: C:\Users\prakh\Downloads\ci-cd-pipeline\test_ai_auto_fix.py
Line: 6

Suggest one code fix (with corrected lines) and explain why it solves the issue.
Reason: This fix was generated after analyzing traceback context and mapping common Python error-resolution patterns.

[2025-10-27 20:42:52.167243] File: C:\Users\prakh\Downloads\ci-cd-pipeline\test_ai_auto_fix.py, Line: 6
Suggestion: The following error occurred:
Traceback (most recent call last):
  File "C:\Users\prakh\Downloads\ci-cd-pipeline\test_ai_auto_fix.py", line 6, in test_buggy_script
    File "C:\Users\prakh\Downloads\ci-cd-pipeline\test_ai_auto_fix.py", line 6, in test_buggy_script
          ^^^^^^^^^^^^^^^^^^^^^^^^^^^^^^^^^^^^^^^^^^^^^^^^
  File "<string>", line 11, in <module>
  File "<string>", line 6, in process_data
NameError: name 'json' is not defined. Did you forget to import 'json'


Code possibly responsible:

import json

def process_data(data):
    avg = sum(data) / len(data)
    config = json.load(open("config.json"))
    print("Configuration loaded:", config["version"])
    return avg * config["scale"]

numbers = [1, 2, 3, 4, 5]
result = process_data(numbers)
print("Result:", result)

File: C:\Users\prakh\Downloads\ci-cd-pipeline\test_ai_auto_fix.py
Line: 6

Suggest one code fix (with corrected lines) and explain why it solves the issue.
Reason: This fix was generated after analyzing traceback context and mapping common Python error-resolution patterns.

[2025-10-28 18:58:49.154179] File: C:\Users\prakh\Downloads\ci-cd-pipeline\test_ai_auto_fix.py, Line: 10
Suggestion: The following error occurred:
Traceback (most recent call last):
  File "C:\Users\prakh\Downloads\ci-cd-pipeline\test_ai_auto_fix.py", line 10, in test_buggy_script
    exec(open(script_path, encoding="utf-8").read(), {})
  File "<string>", line 1
    def add_numbers(a, b)
                         ^
SyntaxError: expected ':'


Code possibly responsible:
def add_numbers(a, b)
    return a + b

print(add_numbers(5, 10))



File: C:\Users\prakh\Downloads\ci-cd-pipeline\test_ai_auto_fix.py
Line: 10

Suggest one code fix (with corrected lines) and explain why it solves the issue.
Reason: This fix was generated after analyzing traceback context and mapping common Python error-resolution patterns.

[2025-10-28 18:58:49.616934] File: C:\Users\prakh\Downloads\ci-cd-pipeline\test_ai_auto_fix.py, Line: 10
Suggestion: The following error occurred:
Traceback (most recent call last):
  File "C:\Users\prakh\Downloads\ci-cd-pipeline\test_ai_auto_fix.py", line 10, in test_buggy_script
    File "C:\Users\prakh\Downloads\ci-cd-pipeline\test_ai_auto_fix.py", line 10, in test_buggy_script
          ^^^^^^^^^^^^^^^^^^^^^^^^^^^^^^^^^^^^^^^^^^^^^^^^^^^^
  File "<string>", line 4, in <module>
  File "<string>", line 2, in calculate_average
ZeroDivisionError: division by zero


Code possibly responsible:
def calculate_average(numbers):
    return sum(numbers) / len(numbers)

print(calculate_average([]))

File: C:\Users\prakh\Downloads\ci-cd-pipeline\test_ai_auto_fix.py
Line: 10

Suggest one code fix (with corrected lines) and explain why it solves the issue.
Reason: This fix was generated after analyzing traceback context and mapping common Python error-resolution patterns.

[2025-10-28 18:58:50.098786] File: C:\Users\prakh\Downloads\ci-cd-pipeline\test_ai_auto_fix.py, Line: 10
Suggestion: The following error occurred:
Traceback (most recent call last):
  File "C:\Users\prakh\Downloads\ci-cd-pipeline\test_ai_auto_fix.py", line 10, in test_buggy_script
    File "C:\Users\prakh\Downloads\ci-cd-pipeline\test_ai_auto_fix.py", line 10, in test_buggy_script
          ^^^^^^^^^^^^^^^^^^^^^^^^^^^^^^^^^^^^^^^^^^^^^^^^^^^^
  File "<string>", line 5, in <module>
  File "<string>", line 3, in show_name
NameError: name 'username' is not defined


Code possibly responsible:

def show_name():
    print("Hello", username)

show_name()


File: C:\Users\prakh\Downloads\ci-cd-pipeline\test_ai_auto_fix.py
Line: 10

Suggest one code fix (with corrected lines) and explain why it solves the issue.
Reason: This fix was generated after analyzing traceback context and mapping common Python error-resolution patterns.

[2025-10-28 18:58:50.583788] File: C:\Users\prakh\Downloads\ci-cd-pipeline\test_ai_auto_fix.py, Line: 10
Suggestion: The following error occurred:
Traceback (most recent call last):
  File "C:\Users\prakh\Downloads\ci-cd-pipeline\test_ai_auto_fix.py", line 10, in test_buggy_script
    File "C:\Users\prakh\Downloads\ci-cd-pipeline\test_ai_auto_fix.py", line 10, in test_buggy_script
          ^^^^^^^^^^^^^^^^^^^^^^^^^^^^^^^^^^^^^^^^^^^^^^^^^^^^
  File "<string>", line 5, in <module>
  File "<string>", line 3, in generate_random
NameError: name 'random' is not defined. Did you forget to import 'random'


Code possibly responsible:

def generate_random():
    return random.randint(1, 100)

print(generate_random())


File: C:\Users\prakh\Downloads\ci-cd-pipeline\test_ai_auto_fix.py
Line: 10

Suggest one code fix (with corrected lines) and explain why it solves the issue.
Reason: This fix was generated after analyzing traceback context and mapping common Python error-resolution patterns.

[2025-10-28 18:58:51.077783] File: C:\Users\prakh\Downloads\ci-cd-pipeline\test_ai_auto_fix.py, Line: 10
Suggestion: The following error occurred:
Traceback (most recent call last):
  File "C:\Users\prakh\Downloads\ci-cd-pipeline\test_ai_auto_fix.py", line 10, in test_buggy_script
    File "C:\Users\prakh\Downloads\ci-cd-pipeline\test_ai_auto_fix.py", line 10, in test_buggy_script
          ^^^^^^^^^^^^^^^^^^^^^^^^^^^^^^^^^^^^^^^^^^^^^^^^^^^^
  File "<string>", line 6, in <module>
  File "<string>", line 3, in read_data
FileNotFoundError: [Errno 2] No such file or directory: 'nonexistent_file.txt'


Code possibly responsible:

def read_data():
    with open("nonexistent_file.txt", "r") as f:
        return f.read()

print(read_data())

File: C:\Users\prakh\Downloads\ci-cd-pipeline\test_ai_auto_fix.py
Line: 10

Suggest one code fix (with corrected lines) and explain why it solves the issue.
Reason: This fix was generated after analyzing traceback context and mapping common Python error-resolution patterns.

[2025-10-28 18:58:52.152360] File: C:\Users\prakh\Downloads\ci-cd-pipeline\test_ai_auto_fix.py, Line: 10
Suggestion: The following error occurred:
Traceback (most recent call last):
  File "C:\Users\prakh\Downloads\ci-cd-pipeline\test_ai_auto_fix.py", line 10, in test_buggy_script
    File "C:\Users\prakh\Downloads\ci-cd-pipeline\test_ai_auto_fix.py", line 10, in test_buggy_script
          ^^^^^^^^^^^^^^^^^^^^^^^^^^^^^^^^^^^^^^^^^^^^^^^^^^^^
  File "<string>", line 9, in <module>
  File "<string>", line 7, in get_user_data
KeyError: 'non_existent_key'


Code possibly responsible:

import requests

def get_user_data(user_id):
    url = f"https://jsonplaceholder.typicode.com/users/{user_id}"
    response = requests.get(url)
    return response.json()["non_existent_key"]

print(get_user_data(1))

File: C:\Users\prakh\Downloads\ci-cd-pipeline\test_ai_auto_fix.py
Line: 10

Suggest one code fix (with corrected lines) and explain why it solves the issue.
Reason: This fix was generated after analyzing traceback context and mapping common Python error-resolution patterns.

[2025-10-28 18:58:52.673330] File: C:\Users\prakh\Downloads\ci-cd-pipeline\test_ai_auto_fix.py, Line: 10
Suggestion: The following error occurred:
Traceback (most recent call last):
  File "C:\Users\prakh\Downloads\ci-cd-pipeline\test_ai_auto_fix.py", line 10, in test_buggy_script
    File "C:\Users\prakh\Downloads\ci-cd-pipeline\test_ai_auto_fix.py", line 10, in test_buggy_script
          ^^^^^^^^^^^^^^^^^^^^^^^^^^^^^^^^^^^^^^^^^^^^^^^^^^^^
  File "<string>", line 12, in <module>
  File "<string>", line 9, in bark
TypeError: Animal.speak() takes 1 positional argument but 2 were given


Code possibly responsible:

class Animal:
    def speak(self):
        print("Animal speaks")

class Dog(Animal):
    def bark(self):
        print("Dog barks")
        super().speak(self)

d = Dog()
d.bark()

File: C:\Users\prakh\Downloads\ci-cd-pipeline\test_ai_auto_fix.py
Line: 10

Suggest one code fix (with corrected lines) and explain why it solves the issue.
Reason: This fix was generated after analyzing traceback context and mapping common Python error-resolution patterns.

[2025-10-28 18:58:53.248329] File: C:\Users\prakh\Downloads\ci-cd-pipeline\test_ai_auto_fix.py, Line: 10
Suggestion: The following error occurred:
Traceback (most recent call last):
  File "C:\Users\prakh\Downloads\ci-cd-pipeline\test_ai_auto_fix.py", line 10, in test_buggy_script
    File "C:\Users\prakh\Downloads\ci-cd-pipeline\test_ai_auto_fix.py", line 10, in test_buggy_script
          ^^^^^^^^^^^^^^^^^^^^^^^^^^^^^^^^^^^^^^^^^^^^^^^^^^^^
  File "<string>", line 11, in <module>
  File "<string>", line 6, in process_data
FileNotFoundError: [Errno 2] No such file or directory: 'config.json'


Code possibly responsible:

import json

def process_data(data):
    avg = sum(data) / len(data)
    config = json.load(open("config.json"))
    print("Configuration loaded:", config["version"])
    return avg * config["scale"]

numbers = [1, 2, 3, 4, 5]
result = process_data(numbers)
print("Result:", result)

File: C:\Users\prakh\Downloads\ci-cd-pipeline\test_ai_auto_fix.py
Line: 10

Suggest one code fix (with corrected lines) and explain why it solves the issue.
Reason: This fix was generated after analyzing traceback context and mapping common Python error-resolution patterns.

[2025-10-28 19:00:42.692817] File: C:\Users\prakh\Downloads\ci-cd-pipeline\buggy_examples\buggy10_complex_combination.py, Line: 11
Suggestion: The following error occurred:
Traceback (most recent call last):
  File "C:\Users\prakh\Downloads\ci-cd-pipeline\buggy_examples\buggy10_complex_combination.py", line 11, in <module>
    result = process_data(numbers)
             ^^^^^^^^^^^^^^^^^^^^^
  File "C:\Users\prakh\Downloads\ci-cd-pipeline\buggy_examples\buggy10_complex_combination.py", line 6, in process_data
    config = json.load(open("config.json"))
                       ^^^^^^^^^^^^^^^^^^^
FileNotFoundError: [Errno 2] No such file or directory: 'config.json'


Code possibly responsible:

import json

def process_data(data):
    avg = sum(data) / len(data)
    config = json.load(open("config.json"))
    print("Configuration loaded:", config["version"])
    return avg * config["scale"]

numbers = [1, 2, 3, 4, 5]
result = process_data(numbers)
print("Result:", result)

File: C:\Users\prakh\Downloads\ci-cd-pipeline\buggy_examples\buggy10_complex_combination.py
Line: 11

Suggest one code fix (with corrected lines) and explain why it solves the issue.
Reason: This fix was generated after analyzing traceback context and mapping common Python error-resolution patterns.

[2025-10-28 19:00:43.194072] File: C:\Users\prakh\Downloads\ci-cd-pipeline\buggy_examples\buggy1_syntax_error.py, Line: 1
Suggestion: The following error occurred:
  File "C:\Users\prakh\Downloads\ci-cd-pipeline\buggy_examples\buggy1_syntax_error.py", line 1
    def add_numbers(a, b)
                         ^
SyntaxError: expected ':'


Code possibly responsible:
def add_numbers(a, b)
    return a + b

print(add_numbers(5, 10))



File: C:\Users\prakh\Downloads\ci-cd-pipeline\buggy_examples\buggy1_syntax_error.py
Line: 1

Suggest one code fix (with corrected lines) and explain why it solves the issue.
Reason: This fix was generated after analyzing traceback context and mapping common Python error-resolution patterns.

[2025-10-28 19:00:43.744084] File: C:\Users\prakh\Downloads\ci-cd-pipeline\buggy_examples\buggy2_zero_division.py, Line: 4
Suggestion: The following error occurred:
Traceback (most recent call last):
  File "C:\Users\prakh\Downloads\ci-cd-pipeline\buggy_examples\buggy2_zero_division.py", line 4, in <module>
    print(calculate_average([]))
          ^^^^^^^^^^^^^^^^^^^^^
  File "C:\Users\prakh\Downloads\ci-cd-pipeline\buggy_examples\buggy2_zero_division.py", line 2, in calculate_average
    return sum(numbers) / len(numbers)
           ~~~~~~~~~~~~~^~~~~~~~~~~~~~
ZeroDivisionError: division by zero


Code possibly responsible:
def calculate_average(numbers):
    return sum(numbers) / len(numbers)

print(calculate_average([]))

File: C:\Users\prakh\Downloads\ci-cd-pipeline\buggy_examples\buggy2_zero_division.py
Line: 4

Suggest one code fix (with corrected lines) and explain why it solves the issue.
Reason: This fix was generated after analyzing traceback context and mapping common Python error-resolution patterns.

[2025-10-28 19:00:44.294085] File: C:\Users\prakh\Downloads\ci-cd-pipeline\buggy_examples\buggy3_name_error.py, Line: 5
Suggestion: The following error occurred:
Traceback (most recent call last):
  File "C:\Users\prakh\Downloads\ci-cd-pipeline\buggy_examples\buggy3_name_error.py", line 5, in <module>
    show_name()
  File "C:\Users\prakh\Downloads\ci-cd-pipeline\buggy_examples\buggy3_name_error.py", line 3, in show_name
    print("Hello", username)
                   ^^^^^^^^
NameError: name 'username' is not defined


Code possibly responsible:

def show_name():
    print("Hello", username)

show_name()


File: C:\Users\prakh\Downloads\ci-cd-pipeline\buggy_examples\buggy3_name_error.py
Line: 5

Suggest one code fix (with corrected lines) and explain why it solves the issue.
Reason: This fix was generated after analyzing traceback context and mapping common Python error-resolution patterns.

[2025-10-28 19:00:44.966097] File: C:\Users\prakh\Downloads\ci-cd-pipeline\buggy_examples\buggy4_import_error.py, Line: 5
Suggestion: The following error occurred:
Traceback (most recent call last):
  File "C:\Users\prakh\Downloads\ci-cd-pipeline\buggy_examples\buggy4_import_error.py", line 5, in <module>
    print(generate_random())
          ^^^^^^^^^^^^^^^^^
  File "C:\Users\prakh\Downloads\ci-cd-pipeline\buggy_examples\buggy4_import_error.py", line 3, in generate_random
    return random.randint(1, 100)
           ^^^^^^
NameError: name 'random' is not defined. Did you forget to import 'random'?


Code possibly responsible:

def generate_random():
    return random.randint(1, 100)

print(generate_random())


File: C:\Users\prakh\Downloads\ci-cd-pipeline\buggy_examples\buggy4_import_error.py
Line: 5

Suggest one code fix (with corrected lines) and explain why it solves the issue.
Reason: This fix was generated after analyzing traceback context and mapping common Python error-resolution patterns.

[2025-10-28 19:00:45.604097] File: C:\Users\prakh\Downloads\ci-cd-pipeline\buggy_examples\buggy5_file_handling.py, Line: 6
Suggestion: The following error occurred:
Traceback (most recent call last):
  File "C:\Users\prakh\Downloads\ci-cd-pipeline\buggy_examples\buggy5_file_handling.py", line 6, in <module>
    print(read_data())
          ^^^^^^^^^^^
  File "C:\Users\prakh\Downloads\ci-cd-pipeline\buggy_examples\buggy5_file_handling.py", line 3, in read_data
    with open("nonexistent_file.txt", "r") as f:
         ^^^^^^^^^^^^^^^^^^^^^^^^^^^^^^^^^
FileNotFoundError: [Errno 2] No such file or directory: 'nonexistent_file.txt'


Code possibly responsible:

def read_data():
    with open("nonexistent_file.txt", "r") as f:
        return f.read()

print(read_data())

File: C:\Users\prakh\Downloads\ci-cd-pipeline\buggy_examples\buggy5_file_handling.py
Line: 6

Suggest one code fix (with corrected lines) and explain why it solves the issue.
Reason: This fix was generated after analyzing traceback context and mapping common Python error-resolution patterns.

[2025-10-28 19:00:47.382482] File: C:\Users\prakh\Downloads\ci-cd-pipeline\buggy_examples\buggy8_api_call.py, Line: 9
Suggestion: The following error occurred:
Traceback (most recent call last):
  File "C:\Users\prakh\Downloads\ci-cd-pipeline\buggy_examples\buggy8_api_call.py", line 9, in <module>
    print(get_user_data(1))
          ^^^^^^^^^^^^^^^^
  File "C:\Users\prakh\Downloads\ci-cd-pipeline\buggy_examples\buggy8_api_call.py", line 7, in get_user_data
    return response.json()["non_existent_key"]
           ~~~~~~~~~~~~~~~^^^^^^^^^^^^^^^^^^^^
KeyError: 'non_existent_key'


Code possibly responsible:

import requests

def get_user_data(user_id):
    url = f"https://jsonplaceholder.typicode.com/users/{user_id}"
    response = requests.get(url)
    return response.json()["non_existent_key"]

print(get_user_data(1))

File: C:\Users\prakh\Downloads\ci-cd-pipeline\buggy_examples\buggy8_api_call.py
Line: 9

Suggest one code fix (with corrected lines) and explain why it solves the issue.
Reason: This fix was generated after analyzing traceback context and mapping common Python error-resolution patterns.

[2025-10-28 19:00:47.972496] File: C:\Users\prakh\Downloads\ci-cd-pipeline\buggy_examples\buggy9_class_inheritance.py, Line: 12
Suggestion: The following error occurred:
Traceback (most recent call last):
  File "C:\Users\prakh\Downloads\ci-cd-pipeline\buggy_examples\buggy9_class_inheritance.py", line 12, in <module>
    d.bark()
  File "C:\Users\prakh\Downloads\ci-cd-pipeline\buggy_examples\buggy9_class_inheritance.py", line 9, in bark
    super().speak(self)
TypeError: Animal.speak() takes 1 positional argument but 2 were given


Code possibly responsible:

class Animal:
    def speak(self):
        print("Animal speaks")

class Dog(Animal):
    def bark(self):
        print("Dog barks")
        super().speak(self)

d = Dog()
d.bark()

File: C:\Users\prakh\Downloads\ci-cd-pipeline\buggy_examples\buggy9_class_inheritance.py
Line: 12

Suggest one code fix (with corrected lines) and explain why it solves the issue.
Reason: This fix was generated after analyzing traceback context and mapping common Python error-resolution patterns.

[2025-10-28 19:11:58.334557] File: C:\Users\prakh\Downloads\ci-cd-pipeline\buggy_examples\buggy10_complex_combination.py, Line: 10
Suggestion: The following error occurred:
Traceback (most recent call last):
  File "C:\Users\prakh\Downloads\ci-cd-pipeline\buggy_examples\buggy10_complex_combination.py", line 10, in <module>
    result = process_data(numbers)
             ^^^^^^^^^^^^^^^^^^^^^
  File "C:\Users\prakh\Downloads\ci-cd-pipeline\buggy_examples\buggy10_complex_combination.py", line 5, in process_data
    config = json.load(open("config.json"))
                       ^^^^^^^^^^^^^^^^^^^
FileNotFoundError: [Errno 2] No such file or directory: 'config.json'


Code possibly responsible:
import json

def process_data(data):
    avg = sum(data) / len(data)
    config = json.load(open("config.json"))
    print("Configuration loaded:", config["version"])
    return avg * config["scale"]

numbers = [1, 2, 3, 4, 5]
result = process_data(numbers)
print("Result:", result)

File: C:\Users\prakh\Downloads\ci-cd-pipeline\buggy_examples\buggy10_complex_combination.py
Line: 10

Suggest one code fix (with corrected lines) and explain why it solves the issue.
Reason: This fix was generated after analyzing traceback context and mapping common Python error-resolution patterns.

[2025-10-28 19:12:37.401965] File: C:\Users\prakh\Downloads\ci-cd-pipeline\buggy_examples\buggy1_syntax_error.py, Line: 2
Suggestion: The following error occurred:
  File "C:\Users\prakh\Downloads\ci-cd-pipeline\buggy_examples\buggy1_syntax_error.py", line 2
    def add_numbers(a, b)
                         ^
SyntaxError: expected ':'


Code possibly responsible:

def add_numbers(a, b)
    return a + b

print(add_numbers(5, 10))



File: C:\Users\prakh\Downloads\ci-cd-pipeline\buggy_examples\buggy1_syntax_error.py
Line: 2

Suggest one code fix (with corrected lines) and explain why it solves the issue.
Reason: This fix was generated after analyzing traceback context and mapping common Python error-resolution patterns.

